<?xml version="1.0" encoding="UTF-8"?>
<testng-results skipped="0" failed="0" total="1" passed="1">
  <reporter-output>
  </reporter-output>
  <suite name="Default suite" duration-ms="9642" started-at="2017-03-10T21:11:24Z" finished-at="2017-03-10T21:11:34Z">
    <groups>
    </groups>
    <test name="Default test" duration-ms="9642" started-at="2017-03-10T21:11:24Z" finished-at="2017-03-10T21:11:34Z">
      <class name="WindowHandles">
        <test-method status="PASS" signature="beforeClass()[pri:0, instance:WindowHandles@4c70fda8]" name="beforeClass" is-config="true" duration-ms="2625" started-at="2017-03-10T13:11:24Z" finished-at="2017-03-10T13:11:27Z">
          <reporter-output>
          </reporter-output>
        </test-method> <!-- beforeClass -->
        <test-method status="PASS" signature="windowHandles()[pri:0, instance:WindowHandles@4c70fda8]" name="windowHandles" duration-ms="7001" started-at="2017-03-10T13:11:27Z" finished-at="2017-03-10T13:11:34Z">
          <reporter-output>
          </reporter-output>
        </test-method> <!-- windowHandles -->
      </class> <!-- WindowHandles -->
    </test> <!-- Default test -->
  </suite> <!-- Default suite -->
</testng-results>
