<?xml version="1.0" encoding="UTF-8"?>
<!-- Generated by org.testng.reporters.JUnitXMLReporter -->
<testsuite hostname="DESKTOP-ID9MJDP" name="Test2" tests="4" failures="0" timestamp="13 Mar 2017 19:37:48 GMT" time="0.013" errors="0">
  <testcase name="testLogin" time="0.001" classname="com.wbl.testng.TestHomePage2"/>
  <testcase name="testRecordings" time="0.001" classname="com.wbl.testng.TestHomePage2"/>
  <testcase name="testPresentation" time="0.001" classname="com.wbl.testng.TestHomePage2"/>
  <testcase name="testLogout" time="0.001" classname="com.wbl.testng.TestHomePage2"/>
</testsuite> <!-- Test2 -->
