<?xml version="1.0" encoding="UTF-8"?>
<!-- Generated by org.testng.reporters.JUnitXMLReporter -->
<testsuite hostname="DESKTOP-ID9MJDP" ignored="2" name="Test1" tests="2" failures="0" timestamp="08 Mar 2017 20:28:24 GMT" time="0.039" errors="0">
  <testcase name="testDoCalc" time="0.008" classname="com.wbl.test.TestCalculator"/>
  <testcase name="testDoCalc1" time="0.001" classname="com.wbl.test.TestCalculator"/>
  <testcase name="testDoCalc3" time="0.0" classname="com.wbl.test.TestCalculator">
    <ignored/>
  </testcase> <!-- testDoCalc3 -->
  <testcase name="testDoCalc2" time="0.0" classname="com.wbl.test.TestCalculator">
    <ignored/>
  </testcase> <!-- testDoCalc2 -->
</testsuite> <!-- Test1 -->
